date: 2014-05-08 16:35:39.566
argv: node C:\Users\CaiFeng\AppData\Roaming\npm\node_modules\hexo\bin\hexo deploy
os: Windows_NT 6.2.9200 win32 x64
version:
  hexo: 2.5.6
  http_parser: 1.0
  node: 0.10.28
  v8: 3.14.5.9
  ares: 1.9.0-DEV
  uv: 0.10.27
  zlib: 1.2.3
  modules: 11
  openssl: 1.0.1g
---

[debug] 16:35:39.508 Config file loaded
[debug] 16:35:39.510 Version info checked successfully
[debug] 16:35:39.530 Loading database.
[debug] 16:35:39.550 Script load successfully: fancybox.js
[info] 16:35:39.551 Start deploying: github
[info] 16:35:39.555 Setting up GitHub deployment...
[error] 16:35:39.559 Error: spawn ENOENT
Error: spawn ENOENT
    at errnoException (child_process.js:998:11)
    at Process.ChildProcess._handle.onexit (child_process.js:789:34)
